{"/Users/eyeung/codebase/personal/toy-robot-simulator/backend/toy-robot-simulator-backend/src/app.controller.ts": {"path":"/Users/eyeung/codebase/personal/toy-robot-simulator/backend/toy-robot-simulator-backend/src/app.controller.ts","statementMap":{"0":{"start":{"line":1,"column":0},"end":{"line":1,"column":44}},"1":{"start":{"line":2,"column":0},"end":{"line":2,"column":43}},"2":{"start":{"line":5,"column":7},"end":{"line":12,"column":null}},"3":{"start":{"line":6,"column":31},"end":{"line":6,"column":43}},"4":{"start":{"line":5,"column":13},"end":{"line":5,"column":26}},"5":{"start":{"line":5,"column":13},"end":{"line":12,"column":null}}},"fnMap":{"0":{"name":"(anonymous_2)","decl":{"start":{"line":6,"column":2},"end":{"line":6,"column":31}},"loc":{"start":{"line":6,"column":53},"end":{"line":6,"column":57}}}},"branchMap":{},"s":{"0":0,"1":0,"2":0,"3":0,"4":0,"5":0},"f":{"0":0},"b":{}}
,"/Users/eyeung/codebase/personal/toy-robot-simulator/backend/toy-robot-simulator-backend/src/app.module.ts": {"path":"/Users/eyeung/codebase/personal/toy-robot-simulator/backend/toy-robot-simulator-backend/src/app.module.ts","statementMap":{"0":{"start":{"line":1,"column":0},"end":{"line":1,"column":40}},"1":{"start":{"line":2,"column":0},"end":{"line":2,"column":49}},"2":{"start":{"line":3,"column":0},"end":{"line":3,"column":43}},"3":{"start":{"line":4,"column":0},"end":{"line":4,"column":59}},"4":{"start":{"line":5,"column":0},"end":{"line":5,"column":53}},"5":{"start":{"line":6,"column":0},"end":{"line":6,"column":52}},"6":{"start":{"line":7,"column":0},"end":{"line":7,"column":51}},"7":{"start":{"line":8,"column":0},"end":{"line":8,"column":51}},"8":{"start":{"line":9,"column":0},"end":{"line":9,"column":53}},"9":{"start":{"line":29,"column":7},"end":{"line":29,"column":null}},"10":{"start":{"line":29,"column":13},"end":{"line":29,"column":22}},"11":{"start":{"line":29,"column":13},"end":{"line":29,"column":null}}},"fnMap":{},"branchMap":{},"s":{"0":0,"1":0,"2":0,"3":0,"4":0,"5":0,"6":0,"7":0,"8":0,"9":0,"10":0,"11":0},"f":{},"b":{}}
,"/Users/eyeung/codebase/personal/toy-robot-simulator/backend/toy-robot-simulator-backend/src/app.service.ts": {"path":"/Users/eyeung/codebase/personal/toy-robot-simulator/backend/toy-robot-simulator-backend/src/app.service.ts","statementMap":{"0":{"start":{"line":1,"column":0},"end":{"line":1,"column":44}},"1":{"start":{"line":2,"column":0},"end":{"line":2,"column":49}},"2":{"start":{"line":5,"column":7},"end":{"line":12,"column":null}},"3":{"start":{"line":6,"column":22},"end":{"line":6,"column":33}},"4":{"start":{"line":8,"column":4},"end":{"line":10,"column":6}},"5":{"start":{"line":5,"column":13},"end":{"line":5,"column":23}},"6":{"start":{"line":5,"column":13},"end":{"line":12,"column":null}}},"fnMap":{"0":{"name":"(anonymous_2)","decl":{"start":{"line":6,"column":2},"end":{"line":6,"column":22}},"loc":{"start":{"line":6,"column":42},"end":{"line":6,"column":46}}},"1":{"name":"(anonymous_3)","decl":{"start":{"line":7,"column":2},"end":{"line":7,"column":10}},"loc":{"start":{"line":7,"column":10},"end":{"line":11,"column":3}}}},"branchMap":{},"s":{"0":0,"1":0,"2":0,"3":0,"4":0,"5":0,"6":0},"f":{"0":0,"1":0},"b":{}}
,"/Users/eyeung/codebase/personal/toy-robot-simulator/backend/toy-robot-simulator-backend/src/main.ts": {"path":"/Users/eyeung/codebase/personal/toy-robot-simulator/backend/toy-robot-simulator-backend/src/main.ts","statementMap":{"0":{"start":{"line":1,"column":0},"end":{"line":1,"column":43}},"1":{"start":{"line":2,"column":0},"end":{"line":2,"column":41}},"2":{"start":{"line":3,"column":0},"end":{"line":3,"column":65}},"3":{"start":{"line":6,"column":14},"end":{"line":6,"column":49}},"4":{"start":{"line":7,"column":2},"end":{"line":7,"column":19}},"5":{"start":{"line":9,"column":17},"end":{"line":13,"column":12}},"6":{"start":{"line":14,"column":26},"end":{"line":14,"column":73}},"7":{"start":{"line":14,"column":32},"end":{"line":14,"column":73}},"8":{"start":{"line":15,"column":2},"end":{"line":15,"column":51}},"9":{"start":{"line":17,"column":2},"end":{"line":17,"column":45}},"10":{"start":{"line":19,"column":0},"end":{"line":19,"column":12}}},"fnMap":{"0":{"name":"bootstrap","decl":{"start":{"line":5,"column":15},"end":{"line":5,"column":24}},"loc":{"start":{"line":5,"column":24},"end":{"line":18,"column":1}}},"1":{"name":"(anonymous_1)","decl":{"start":{"line":14,"column":26},"end":{"line":14,"column":29}},"loc":{"start":{"line":14,"column":32},"end":{"line":14,"column":73}}}},"branchMap":{"0":{"loc":{"start":{"line":17,"column":19},"end":{"line":17,"column":43}},"type":"binary-expr","locations":[{"start":{"line":17,"column":19},"end":{"line":17,"column":35}},{"start":{"line":17,"column":39},"end":{"line":17,"column":43}}]}},"s":{"0":0,"1":0,"2":0,"3":0,"4":0,"5":0,"6":0,"7":0,"8":0,"9":0,"10":0},"f":{"0":0,"1":0},"b":{"0":[0,0]}}
,"/Users/eyeung/codebase/personal/toy-robot-simulator/backend/toy-robot-simulator-backend/src/moves/moves.service.ts": {"path":"/Users/eyeung/codebase/personal/toy-robot-simulator/backend/toy-robot-simulator-backend/src/moves/moves.service.ts","statementMap":{"0":{"start":{"line":1,"column":0},"end":{"line":1,"column":52}},"1":{"start":{"line":2,"column":0},"end":{"line":2,"column":48}},"2":{"start":{"line":3,"column":0},"end":{"line":3,"column":50}},"3":{"start":{"line":6,"column":25},"end":{"line":30,"column":null}},"4":{"start":{"line":9,"column":12},"end":{"line":9,"column":34}},"5":{"start":{"line":12,"column":28},"end":{"line":12,"column":57}},"6":{"start":{"line":21,"column":4},"end":{"line":21,"column":36}},"7":{"start":{"line":22,"column":4},"end":{"line":28,"column":7}},"8":{"start":{"line":6,"column":13},"end":{"line":6,"column":25}},"9":{"start":{"line":6,"column":13},"end":{"line":30,"column":null}}},"fnMap":{"0":{"name":"(anonymous_4)","decl":{"start":{"line":7,"column":2},"end":{"line":7,"column":null}},"loc":{"start":{"line":9,"column":34},"end":{"line":10,"column":6}}},"1":{"name":"(anonymous_5)","decl":{"start":{"line":14,"column":2},"end":{"line":14,"column":7}},"loc":{"start":{"line":19,"column":20},"end":{"line":29,"column":3}}}},"branchMap":{},"s":{"0":2,"1":2,"2":2,"3":2,"4":2,"5":2,"6":1,"7":1,"8":2,"9":2},"f":{"0":2,"1":1},"b":{}}
,"/Users/eyeung/codebase/personal/toy-robot-simulator/backend/toy-robot-simulator-backend/src/moves/models/move.model.ts": {"path":"/Users/eyeung/codebase/personal/toy-robot-simulator/backend/toy-robot-simulator-backend/src/moves/models/move.model.ts","statementMap":{"0":{"start":{"line":1,"column":0},"end":{"line":1,"column":60}},"1":{"start":{"line":4,"column":7},"end":{"line":19,"column":null}},"2":{"start":{"line":4,"column":13},"end":{"line":4,"column":17}},"3":{"start":{"line":6,"column":2},"end":{"line":6,"column":null}},"4":{"start":{"line":9,"column":2},"end":{"line":9,"column":null}},"5":{"start":{"line":12,"column":2},"end":{"line":12,"column":null}},"6":{"start":{"line":15,"column":2},"end":{"line":15,"column":null}},"7":{"start":{"line":18,"column":2},"end":{"line":18,"column":null}},"8":{"start":{"line":4,"column":13},"end":{"line":19,"column":null}}},"fnMap":{},"branchMap":{},"s":{"0":2,"1":2,"2":2,"3":2,"4":2,"5":2,"6":2,"7":2,"8":2},"f":{},"b":{}}
,"/Users/eyeung/codebase/personal/toy-robot-simulator/backend/toy-robot-simulator-backend/src/robot/robot.controller.ts": {"path":"/Users/eyeung/codebase/personal/toy-robot-simulator/backend/toy-robot-simulator-backend/src/robot/robot.controller.ts","statementMap":{"0":{"start":{"line":1,"column":0},"end":{"line":1,"column":null}},"1":{"start":{"line":10,"column":0},"end":{"line":10,"column":55}},"2":{"start":{"line":11,"column":0},"end":{"line":11,"column":57}},"3":{"start":{"line":12,"column":0},"end":{"line":12,"column":47}},"4":{"start":{"line":13,"column":0},"end":{"line":13,"column":53}},"5":{"start":{"line":14,"column":0},"end":{"line":14,"column":54}},"6":{"start":{"line":15,"column":0},"end":{"line":15,"column":46}},"7":{"start":{"line":16,"column":0},"end":{"line":16,"column":32}},"8":{"start":{"line":19,"column":28},"end":{"line":113,"column":null}},"9":{"start":{"line":21,"column":12},"end":{"line":21,"column":26}},"10":{"start":{"line":22,"column":12},"end":{"line":22,"column":25}},"11":{"start":{"line":25,"column":28},"end":{"line":25,"column":60}},"12":{"start":{"line":34,"column":4},"end":{"line":34,"column":43}},"13":{"start":{"line":35,"column":18},"end":{"line":35,"column":59}},"14":{"start":{"line":36,"column":4},"end":{"line":39,"column":5}},"15":{"start":{"line":38,"column":6},"end":{"line":38,"column":23}},"16":{"start":{"line":40,"column":4},"end":{"line":40,"column":48}},"17":{"start":{"line":41,"column":4},"end":{"line":41,"column":17}},"18":{"start":{"line":51,"column":4},"end":{"line":51,"column":36}},"19":{"start":{"line":52,"column":21},"end":{"line":52,"column":34}},"20":{"start":{"line":53,"column":18},"end":{"line":53,"column":58}},"21":{"start":{"line":54,"column":66},"end":{"line":54,"column":71}},"22":{"start":{"line":56,"column":4},"end":{"line":62,"column":6}},"23":{"start":{"line":63,"column":4},"end":{"line":63,"column":39}},"24":{"start":{"line":64,"column":4},"end":{"line":64,"column":17}},"25":{"start":{"line":74,"column":4},"end":{"line":74,"column":53}},"26":{"start":{"line":75,"column":43},"end":{"line":75,"column":57}},"27":{"start":{"line":76,"column":4},"end":{"line":76,"column":68}},"28":{"start":{"line":79,"column":18},"end":{"line":79,"column":59}},"29":{"start":{"line":80,"column":4},"end":{"line":82,"column":5}},"30":{"start":{"line":81,"column":6},"end":{"line":81,"column":47}},"31":{"start":{"line":83,"column":50},"end":{"line":83,"column":55}},"32":{"start":{"line":85,"column":4},"end":{"line":85,"column":73}},"33":{"start":{"line":86,"column":4},"end":{"line":86,"column":40}},"34":{"start":{"line":87,"column":4},"end":{"line":87,"column":17}},"35":{"start":{"line":97,"column":4},"end":{"line":97,"column":35}},"36":{"start":{"line":98,"column":32},"end":{"line":98,"column":44}},"37":{"start":{"line":99,"column":4},"end":{"line":99,"column":55}},"38":{"start":{"line":102,"column":18},"end":{"line":102,"column":59}},"39":{"start":{"line":103,"column":4},"end":{"line":105,"column":5}},"40":{"start":{"line":104,"column":6},"end":{"line":104,"column":47}},"41":{"start":{"line":106,"column":31},"end":{"line":106,"column":36}},"42":{"start":{"line":109,"column":4},"end":{"line":109,"column":70}},"43":{"start":{"line":110,"column":4},"end":{"line":110,"column":38}},"44":{"start":{"line":111,"column":4},"end":{"line":111,"column":17}},"45":{"start":{"line":19,"column":13},"end":{"line":19,"column":28}},"46":{"start":{"line":33,"column":8},"end":{"line":42,"column":null}},"47":{"start":{"line":50,"column":8},"end":{"line":65,"column":null}},"48":{"start":{"line":73,"column":8},"end":{"line":88,"column":null}},"49":{"start":{"line":96,"column":8},"end":{"line":112,"column":null}},"50":{"start":{"line":19,"column":13},"end":{"line":113,"column":null}}},"fnMap":{"0":{"name":"(anonymous_4)","decl":{"start":{"line":20,"column":2},"end":{"line":20,"column":null}},"loc":{"start":{"line":22,"column":37},"end":{"line":23,"column":6}}},"1":{"name":"(anonymous_5)","decl":{"start":{"line":33,"column":2},"end":{"line":33,"column":7}},"loc":{"start":{"line":33,"column":23},"end":{"line":42,"column":3}}},"2":{"name":"(anonymous_6)","decl":{"start":{"line":50,"column":2},"end":{"line":50,"column":7}},"loc":{"start":{"line":50,"column":50},"end":{"line":65,"column":3}}},"3":{"name":"(anonymous_7)","decl":{"start":{"line":73,"column":2},"end":{"line":73,"column":7}},"loc":{"start":{"line":73,"column":59},"end":{"line":88,"column":3}}},"4":{"name":"(anonymous_8)","decl":{"start":{"line":96,"column":2},"end":{"line":96,"column":7}},"loc":{"start":{"line":96,"column":52},"end":{"line":112,"column":3}}}},"branchMap":{"0":{"loc":{"start":{"line":36,"column":4},"end":{"line":39,"column":5}},"type":"if","locations":[{"start":{"line":36,"column":4},"end":{"line":39,"column":5}}]},"1":{"loc":{"start":{"line":80,"column":4},"end":{"line":82,"column":5}},"type":"if","locations":[{"start":{"line":80,"column":4},"end":{"line":82,"column":5}}]},"2":{"loc":{"start":{"line":103,"column":4},"end":{"line":105,"column":5}},"type":"if","locations":[{"start":{"line":103,"column":4},"end":{"line":105,"column":5}}]}},"s":{"0":1,"1":1,"2":1,"3":1,"4":1,"5":1,"6":1,"7":1,"8":1,"9":6,"10":6,"11":6,"12":2,"13":2,"14":2,"15":1,"16":1,"17":1,"18":1,"19":1,"20":1,"21":1,"22":1,"23":1,"24":1,"25":1,"26":1,"27":1,"28":1,"29":1,"30":0,"31":1,"32":1,"33":1,"34":1,"35":1,"36":1,"37":1,"38":1,"39":1,"40":0,"41":1,"42":1,"43":1,"44":1,"45":1,"46":1,"47":1,"48":1,"49":1,"50":1},"f":{"0":6,"1":2,"2":1,"3":1,"4":1},"b":{"0":[1],"1":[0],"2":[0]}}
,"/Users/eyeung/codebase/personal/toy-robot-simulator/backend/toy-robot-simulator-backend/src/robot/robot.module.ts": {"path":"/Users/eyeung/codebase/personal/toy-robot-simulator/backend/toy-robot-simulator-backend/src/robot/robot.module.ts","statementMap":{"0":{"start":{"line":1,"column":0},"end":{"line":1,"column":40}},"1":{"start":{"line":2,"column":0},"end":{"line":2,"column":53}},"2":{"start":{"line":3,"column":0},"end":{"line":3,"column":47}},"3":{"start":{"line":4,"column":0},"end":{"line":4,"column":52}},"4":{"start":{"line":5,"column":0},"end":{"line":5,"column":45}},"5":{"start":{"line":6,"column":0},"end":{"line":6,"column":54}},"6":{"start":{"line":7,"column":0},"end":{"line":7,"column":50}},"7":{"start":{"line":15,"column":7},"end":{"line":15,"column":null}},"8":{"start":{"line":15,"column":13},"end":{"line":15,"column":24}},"9":{"start":{"line":15,"column":13},"end":{"line":15,"column":null}}},"fnMap":{},"branchMap":{},"s":{"0":0,"1":0,"2":0,"3":0,"4":0,"5":0,"6":0,"7":0,"8":0,"9":0},"f":{},"b":{}}
,"/Users/eyeung/codebase/personal/toy-robot-simulator/backend/toy-robot-simulator-backend/src/robot/robot.service.ts": {"path":"/Users/eyeung/codebase/personal/toy-robot-simulator/backend/toy-robot-simulator-backend/src/robot/robot.service.ts","statementMap":{"0":{"start":{"line":1,"column":0},"end":{"line":1,"column":52}},"1":{"start":{"line":2,"column":0},"end":{"line":2,"column":48}},"2":{"start":{"line":3,"column":0},"end":{"line":3,"column":59}},"3":{"start":{"line":5,"column":0},"end":{"line":5,"column":58}},"4":{"start":{"line":6,"column":0},"end":{"line":6,"column":31}},"5":{"start":{"line":7,"column":0},"end":{"line":7,"column":32}},"6":{"start":{"line":10,"column":25},"end":{"line":141,"column":null}},"7":{"start":{"line":13,"column":12},"end":{"line":13,"column":41}},"8":{"start":{"line":16,"column":28},"end":{"line":16,"column":57}},"9":{"start":{"line":19,"column":4},"end":{"line":19,"column":45}},"10":{"start":{"line":20,"column":22},"end":{"line":22,"column":6}},"11":{"start":{"line":23,"column":4},"end":{"line":23,"column":57}},"12":{"start":{"line":24,"column":4},"end":{"line":34,"column":5}},"13":{"start":{"line":25,"column":45},"end":{"line":25,"column":65}},"14":{"start":{"line":26,"column":20},"end":{"line":32,"column":8}},"15":{"start":{"line":33,"column":6},"end":{"line":33,"column":19}},"16":{"start":{"line":35,"column":4},"end":{"line":35,"column":21}},"17":{"start":{"line":39,"column":4},"end":{"line":39,"column":49}},"18":{"start":{"line":40,"column":22},"end":{"line":45,"column":6}},"19":{"start":{"line":46,"column":59},"end":{"line":46,"column":79}},"20":{"start":{"line":47,"column":18},"end":{"line":53,"column":6}},"21":{"start":{"line":54,"column":4},"end":{"line":54,"column":17}},"22":{"start":{"line":58,"column":4},"end":{"line":58,"column":54}},"23":{"start":{"line":59,"column":4},"end":{"line":115,"column":5}},"24":{"start":{"line":60,"column":6},"end":{"line":72,"column":8}},"25":{"start":{"line":73,"column":11},"end":{"line":115,"column":5}},"26":{"start":{"line":74,"column":6},"end":{"line":86,"column":8}},"27":{"start":{"line":87,"column":11},"end":{"line":115,"column":5}},"28":{"start":{"line":88,"column":6},"end":{"line":100,"column":8}},"29":{"start":{"line":101,"column":11},"end":{"line":115,"column":5}},"30":{"start":{"line":102,"column":6},"end":{"line":114,"column":8}},"31":{"start":{"line":123,"column":4},"end":{"line":123,"column":57}},"32":{"start":{"line":125,"column":4},"end":{"line":129,"column":5}},"33":{"start":{"line":126,"column":6},"end":{"line":126,"column":35}},"34":{"start":{"line":128,"column":6},"end":{"line":128,"column":36}},"35":{"start":{"line":130,"column":4},"end":{"line":139,"column":6}},"36":{"start":{"line":10,"column":13},"end":{"line":10,"column":25}},"37":{"start":{"line":10,"column":13},"end":{"line":141,"column":null}}},"fnMap":{"0":{"name":"(anonymous_4)","decl":{"start":{"line":11,"column":2},"end":{"line":11,"column":null}},"loc":{"start":{"line":13,"column":41},"end":{"line":14,"column":6}}},"1":{"name":"(anonymous_5)","decl":{"start":{"line":18,"column":2},"end":{"line":18,"column":7}},"loc":{"start":{"line":18,"column":23},"end":{"line":36,"column":3}}},"2":{"name":"(anonymous_6)","decl":{"start":{"line":38,"column":2},"end":{"line":38,"column":7}},"loc":{"start":{"line":38,"column":31},"end":{"line":55,"column":3}}},"3":{"name":"(anonymous_7)","decl":{"start":{"line":57,"column":2},"end":{"line":57,"column":7}},"loc":{"start":{"line":57,"column":44},"end":{"line":116,"column":3}}},"4":{"name":"(anonymous_8)","decl":{"start":{"line":118,"column":2},"end":{"line":118,"column":7}},"loc":{"start":{"line":121,"column":14},"end":{"line":140,"column":3}}}},"branchMap":{"0":{"loc":{"start":{"line":24,"column":4},"end":{"line":34,"column":5}},"type":"if","locations":[{"start":{"line":24,"column":4},"end":{"line":34,"column":5}}]},"1":{"loc":{"start":{"line":38,"column":19},"end":{"line":38,"column":24}},"type":"default-arg","locations":[{"start":{"line":38,"column":23},"end":{"line":38,"column":24}}]},"2":{"loc":{"start":{"line":38,"column":26},"end":{"line":38,"column":31}},"type":"default-arg","locations":[{"start":{"line":38,"column":30},"end":{"line":38,"column":31}}]},"3":{"loc":{"start":{"line":59,"column":4},"end":{"line":115,"column":5}},"type":"if","locations":[{"start":{"line":59,"column":4},"end":{"line":115,"column":5}},{"start":{"line":73,"column":11},"end":{"line":115,"column":5}}]},"4":{"loc":{"start":{"line":73,"column":11},"end":{"line":115,"column":5}},"type":"if","locations":[{"start":{"line":73,"column":11},"end":{"line":115,"column":5}},{"start":{"line":87,"column":11},"end":{"line":115,"column":5}}]},"5":{"loc":{"start":{"line":87,"column":11},"end":{"line":115,"column":5}},"type":"if","locations":[{"start":{"line":87,"column":11},"end":{"line":115,"column":5}},{"start":{"line":101,"column":11},"end":{"line":115,"column":5}}]},"6":{"loc":{"start":{"line":101,"column":11},"end":{"line":115,"column":5}},"type":"if","locations":[{"start":{"line":101,"column":11},"end":{"line":115,"column":5}}]},"7":{"loc":{"start":{"line":125,"column":4},"end":{"line":129,"column":5}},"type":"if","locations":[{"start":{"line":125,"column":4},"end":{"line":129,"column":5}},{"start":{"line":127,"column":11},"end":{"line":129,"column":5}}]}},"s":{"0":2,"1":2,"2":2,"3":2,"4":2,"5":2,"6":2,"7":9,"8":9,"9":2,"10":2,"11":2,"12":2,"13":1,"14":1,"15":1,"16":1,"17":1,"18":1,"19":1,"20":1,"21":1,"22":4,"23":4,"24":1,"25":3,"26":1,"27":2,"28":1,"29":1,"30":1,"31":2,"32":2,"33":1,"34":1,"35":2,"36":2,"37":2},"f":{"0":9,"1":2,"2":1,"3":4,"4":2},"b":{"0":[1],"1":[0],"2":[0],"3":[1,3],"4":[1,2],"5":[1,1],"6":[1],"7":[1,1]}}
,"/Users/eyeung/codebase/personal/toy-robot-simulator/backend/toy-robot-simulator-backend/src/robot/robot.ts": {"path":"/Users/eyeung/codebase/personal/toy-robot-simulator/backend/toy-robot-simulator-backend/src/robot/robot.ts","statementMap":{"0":{"start":{"line":1,"column":0},"end":{"line":1,"column":46}},"1":{"start":{"line":29,"column":4},"end":{"line":29,"column":27}},"2":{"start":{"line":30,"column":4},"end":{"line":30,"column":25}},"3":{"start":{"line":31,"column":4},"end":{"line":31,"column":15}},"4":{"start":{"line":32,"column":4},"end":{"line":32,"column":15}},"5":{"start":{"line":33,"column":4},"end":{"line":33,"column":29}},"6":{"start":{"line":12,"column":0},"end":{"line":12,"column":13}},"7":{"start":{"line":14,"column":2},"end":{"line":14,"column":null}},"8":{"start":{"line":17,"column":2},"end":{"line":17,"column":null}},"9":{"start":{"line":20,"column":2},"end":{"line":20,"column":null}},"10":{"start":{"line":23,"column":2},"end":{"line":23,"column":null}},"11":{"start":{"line":26,"column":2},"end":{"line":26,"column":null}}},"fnMap":{"0":{"name":"(anonymous_2)","decl":{"start":{"line":28,"column":2},"end":{"line":28,"column":14}},"loc":{"start":{"line":28,"column":61},"end":{"line":34,"column":3}}}},"branchMap":{},"s":{"0":2,"1":8,"2":8,"3":8,"4":8,"5":8,"6":2,"7":2,"8":2,"9":2,"10":2,"11":2},"f":{"0":8},"b":{}}
,"/Users/eyeung/codebase/personal/toy-robot-simulator/backend/toy-robot-simulator-backend/src/robot/dtos/move-robot.dto.ts": {"path":"/Users/eyeung/codebase/personal/toy-robot-simulator/backend/toy-robot-simulator-backend/src/robot/dtos/move-robot.dto.ts","statementMap":{"0":{"start":{"line":1,"column":0},"end":{"line":1,"column":46}},"1":{"start":{"line":4,"column":0},"end":{"line":4,"column":13}},"2":{"start":{"line":6,"column":2},"end":{"line":6,"column":null}},"3":{"start":{"line":9,"column":2},"end":{"line":9,"column":null}}},"fnMap":{},"branchMap":{},"s":{"0":1,"1":1,"2":1,"3":1},"f":{},"b":{}}
,"/Users/eyeung/codebase/personal/toy-robot-simulator/backend/toy-robot-simulator-backend/src/robot/dtos/place-robot.dto.ts": {"path":"/Users/eyeung/codebase/personal/toy-robot-simulator/backend/toy-robot-simulator-backend/src/robot/dtos/place-robot.dto.ts","statementMap":{"0":{"start":{"line":1,"column":0},"end":{"line":1,"column":46}},"1":{"start":{"line":3,"column":0},"end":{"line":3,"column":13}},"2":{"start":{"line":5,"column":2},"end":{"line":5,"column":null}},"3":{"start":{"line":8,"column":2},"end":{"line":8,"column":null}}},"fnMap":{},"branchMap":{},"s":{"0":1,"1":1,"2":1,"3":1},"f":{},"b":{}}
,"/Users/eyeung/codebase/personal/toy-robot-simulator/backend/toy-robot-simulator-backend/src/robot/dtos/rotate-robot.dto.ts": {"path":"/Users/eyeung/codebase/personal/toy-robot-simulator/backend/toy-robot-simulator-backend/src/robot/dtos/rotate-robot.dto.ts","statementMap":{"0":{"start":{"line":1,"column":0},"end":{"line":1,"column":46}},"1":{"start":{"line":5,"column":0},"end":{"line":5,"column":13}},"2":{"start":{"line":7,"column":2},"end":{"line":7,"column":null}},"3":{"start":{"line":10,"column":2},"end":{"line":10,"column":null}},"4":{"start":{"line":13,"column":2},"end":{"line":13,"column":null}}},"fnMap":{},"branchMap":{},"s":{"0":1,"1":1,"2":1,"3":1,"4":1},"f":{},"b":{}}
,"/Users/eyeung/codebase/personal/toy-robot-simulator/backend/toy-robot-simulator-backend/src/robot/models/robot.model.ts": {"path":"/Users/eyeung/codebase/personal/toy-robot-simulator/backend/toy-robot-simulator-backend/src/robot/models/robot.model.ts","statementMap":{"0":{"start":{"line":1,"column":0},"end":{"line":1,"column":60}},"1":{"start":{"line":4,"column":7},"end":{"line":16,"column":null}},"2":{"start":{"line":4,"column":13},"end":{"line":4,"column":18}},"3":{"start":{"line":6,"column":2},"end":{"line":6,"column":null}},"4":{"start":{"line":9,"column":2},"end":{"line":9,"column":null}},"5":{"start":{"line":12,"column":2},"end":{"line":12,"column":null}},"6":{"start":{"line":15,"column":2},"end":{"line":15,"column":null}},"7":{"start":{"line":4,"column":13},"end":{"line":16,"column":null}}},"fnMap":{},"branchMap":{},"s":{"0":2,"1":2,"2":2,"3":2,"4":2,"5":2,"6":2,"7":2},"f":{},"b":{}}
,"/Users/eyeung/codebase/personal/toy-robot-simulator/backend/toy-robot-simulator-backend/src/robot/utils/helpers.ts": {"path":"/Users/eyeung/codebase/personal/toy-robot-simulator/backend/toy-robot-simulator-backend/src/robot/utils/helpers.ts","statementMap":{"0":{"start":{"line":3,"column":0},"end":{"line":3,"column":16}},"1":{"start":{"line":16,"column":0},"end":{"line":16,"column":16}},"2":{"start":{"line":4,"column":2},"end":{"line":13,"column":3}},"3":{"start":{"line":6,"column":6},"end":{"line":6,"column":20}},"4":{"start":{"line":8,"column":6},"end":{"line":8,"column":20}},"5":{"start":{"line":10,"column":6},"end":{"line":10,"column":21}},"6":{"start":{"line":12,"column":6},"end":{"line":12,"column":21}},"7":{"start":{"line":17,"column":2},"end":{"line":26,"column":3}},"8":{"start":{"line":19,"column":6},"end":{"line":19,"column":20}},"9":{"start":{"line":21,"column":6},"end":{"line":21,"column":20}},"10":{"start":{"line":23,"column":6},"end":{"line":23,"column":21}},"11":{"start":{"line":25,"column":6},"end":{"line":25,"column":21}}},"fnMap":{"0":{"name":"rotateLeft","decl":{"start":{"line":3,"column":16},"end":{"line":3,"column":26}},"loc":{"start":{"line":3,"column":41},"end":{"line":14,"column":1}}},"1":{"name":"rotateRight","decl":{"start":{"line":16,"column":16},"end":{"line":16,"column":27}},"loc":{"start":{"line":16,"column":42},"end":{"line":27,"column":1}}}},"branchMap":{"0":{"loc":{"start":{"line":4,"column":2},"end":{"line":13,"column":3}},"type":"switch","locations":[{"start":{"line":5,"column":4},"end":{"line":6,"column":20}},{"start":{"line":7,"column":4},"end":{"line":8,"column":20}},{"start":{"line":9,"column":4},"end":{"line":10,"column":21}},{"start":{"line":11,"column":4},"end":{"line":12,"column":21}}]},"1":{"loc":{"start":{"line":17,"column":2},"end":{"line":26,"column":3}},"type":"switch","locations":[{"start":{"line":18,"column":4},"end":{"line":19,"column":20}},{"start":{"line":20,"column":4},"end":{"line":21,"column":20}},{"start":{"line":22,"column":4},"end":{"line":23,"column":21}},{"start":{"line":24,"column":4},"end":{"line":25,"column":21}}]}},"s":{"0":2,"1":2,"2":1,"3":1,"4":0,"5":0,"6":0,"7":1,"8":1,"9":0,"10":0,"11":0},"f":{"0":1,"1":1},"b":{"0":[1,0,0,0],"1":[1,0,0,0]}}
}
