TN:
SF:src/app.controller.ts
FN:6,(anonymous_2)
FNF:1
FNH:0
FNDA:0,(anonymous_2)
DA:1,0
DA:2,0
DA:5,0
DA:6,0
LF:4
LH:0
BRF:0
BRH:0
end_of_record
TN:
SF:src/app.module.ts
FNF:0
FNH:0
DA:1,0
DA:2,0
DA:3,0
DA:4,0
DA:5,0
DA:6,0
DA:7,0
DA:8,0
DA:9,0
DA:29,0
LF:10
LH:0
BRF:0
BRH:0
end_of_record
TN:
SF:src/app.service.ts
FN:6,(anonymous_2)
FN:7,(anonymous_3)
FNF:2
FNH:0
FNDA:0,(anonymous_2)
FNDA:0,(anonymous_3)
DA:1,0
DA:2,0
DA:5,0
DA:6,0
DA:8,0
LF:5
LH:0
BRF:0
BRH:0
end_of_record
TN:
SF:src/main.ts
FN:5,bootstrap
FN:14,(anonymous_1)
FNF:2
FNH:0
FNDA:0,bootstrap
FNDA:0,(anonymous_1)
DA:1,0
DA:2,0
DA:3,0
DA:6,0
DA:7,0
DA:9,0
DA:14,0
DA:15,0
DA:17,0
DA:19,0
LF:10
LH:0
BRDA:17,0,0,0
BRDA:17,0,1,0
BRF:2
BRH:0
end_of_record
TN:
SF:src/moves/moves.service.ts
FN:7,(anonymous_4)
FN:14,(anonymous_5)
FNF:2
FNH:2
FNDA:2,(anonymous_4)
FNDA:1,(anonymous_5)
DA:1,2
DA:2,2
DA:3,2
DA:6,2
DA:9,2
DA:12,2
DA:21,1
DA:22,1
LF:8
LH:8
BRF:0
BRH:0
end_of_record
TN:
SF:src/moves/models/move.model.ts
FNF:0
FNH:0
DA:1,2
DA:4,2
DA:6,2
DA:9,2
DA:12,2
DA:15,2
DA:18,2
LF:7
LH:7
BRF:0
BRH:0
end_of_record
TN:
SF:src/robot/robot.controller.ts
FN:20,(anonymous_4)
FN:33,(anonymous_5)
FN:50,(anonymous_6)
FN:73,(anonymous_7)
FN:96,(anonymous_8)
FNF:5
FNH:5
FNDA:6,(anonymous_4)
FNDA:2,(anonymous_5)
FNDA:1,(anonymous_6)
FNDA:1,(anonymous_7)
FNDA:1,(anonymous_8)
DA:1,1
DA:10,1
DA:11,1
DA:12,1
DA:13,1
DA:14,1
DA:15,1
DA:16,1
DA:19,1
DA:21,6
DA:22,6
DA:25,6
DA:33,1
DA:34,2
DA:35,2
DA:36,2
DA:38,1
DA:40,1
DA:41,1
DA:50,1
DA:51,1
DA:52,1
DA:53,1
DA:54,1
DA:56,1
DA:63,1
DA:64,1
DA:73,1
DA:74,1
DA:75,1
DA:76,1
DA:79,1
DA:80,1
DA:81,0
DA:83,1
DA:85,1
DA:86,1
DA:87,1
DA:96,1
DA:97,1
DA:98,1
DA:99,1
DA:102,1
DA:103,1
DA:104,0
DA:106,1
DA:109,1
DA:110,1
DA:111,1
LF:49
LH:47
BRDA:36,0,0,1
BRDA:80,1,0,0
BRDA:103,2,0,0
BRF:3
BRH:1
end_of_record
TN:
SF:src/robot/robot.module.ts
FNF:0
FNH:0
DA:1,0
DA:2,0
DA:3,0
DA:4,0
DA:5,0
DA:6,0
DA:7,0
DA:15,0
LF:8
LH:0
BRF:0
BRH:0
end_of_record
TN:
SF:src/robot/robot.service.ts
FN:11,(anonymous_4)
FN:18,(anonymous_5)
FN:38,(anonymous_6)
FN:57,(anonymous_7)
FN:118,(anonymous_8)
FNF:5
FNH:5
FNDA:9,(anonymous_4)
FNDA:2,(anonymous_5)
FNDA:1,(anonymous_6)
FNDA:4,(anonymous_7)
FNDA:2,(anonymous_8)
DA:1,2
DA:2,2
DA:3,2
DA:5,2
DA:6,2
DA:7,2
DA:10,2
DA:13,9
DA:16,9
DA:19,2
DA:20,2
DA:23,2
DA:24,2
DA:25,1
DA:26,1
DA:33,1
DA:35,1
DA:39,1
DA:40,1
DA:46,1
DA:47,1
DA:54,1
DA:58,4
DA:59,4
DA:60,1
DA:73,3
DA:74,1
DA:87,2
DA:88,1
DA:101,1
DA:102,1
DA:123,2
DA:125,2
DA:126,1
DA:128,1
DA:130,2
LF:36
LH:36
BRDA:24,0,0,1
BRDA:38,1,0,0
BRDA:38,2,0,0
BRDA:59,3,0,1
BRDA:59,3,1,3
BRDA:73,4,0,1
BRDA:73,4,1,2
BRDA:87,5,0,1
BRDA:87,5,1,1
BRDA:101,6,0,1
BRDA:125,7,0,1
BRDA:125,7,1,1
BRF:12
BRH:10
end_of_record
TN:
SF:src/robot/robot.ts
FN:28,(anonymous_2)
FNF:1
FNH:1
FNDA:8,(anonymous_2)
DA:1,2
DA:12,2
DA:14,2
DA:17,2
DA:20,2
DA:23,2
DA:26,2
DA:29,8
DA:30,8
DA:31,8
DA:32,8
DA:33,8
LF:12
LH:12
BRF:0
BRH:0
end_of_record
TN:
SF:src/robot/dtos/move-robot.dto.ts
FNF:0
FNH:0
DA:1,1
DA:4,1
DA:6,1
DA:9,1
LF:4
LH:4
BRF:0
BRH:0
end_of_record
TN:
SF:src/robot/dtos/place-robot.dto.ts
FNF:0
FNH:0
DA:1,1
DA:3,1
DA:5,1
DA:8,1
LF:4
LH:4
BRF:0
BRH:0
end_of_record
TN:
SF:src/robot/dtos/rotate-robot.dto.ts
FNF:0
FNH:0
DA:1,1
DA:5,1
DA:7,1
DA:10,1
DA:13,1
LF:5
LH:5
BRF:0
BRH:0
end_of_record
TN:
SF:src/robot/models/robot.model.ts
FNF:0
FNH:0
DA:1,2
DA:4,2
DA:6,2
DA:9,2
DA:12,2
DA:15,2
LF:6
LH:6
BRF:0
BRH:0
end_of_record
TN:
SF:src/robot/utils/helpers.ts
FN:3,rotateLeft
FN:16,rotateRight
FNF:2
FNH:2
FNDA:1,rotateLeft
FNDA:1,rotateRight
DA:3,2
DA:4,1
DA:6,1
DA:8,0
DA:10,0
DA:12,0
DA:16,2
DA:17,1
DA:19,1
DA:21,0
DA:23,0
DA:25,0
LF:12
LH:6
BRDA:4,0,0,1
BRDA:4,0,1,0
BRDA:4,0,2,0
BRDA:4,0,3,0
BRDA:17,1,0,1
BRDA:17,1,1,0
BRDA:17,1,2,0
BRDA:17,1,3,0
BRF:8
BRH:2
end_of_record
